0 info it worked if it ends with ok
1 verbose cli [ 'node', '/usr/local/bin/npm', 'install', 'app.json', '--global' ]
2 info using npm@2.11.2
3 info using node@v0.10.33
4 verbose install initial load of /usr/local/lib/package.json
5 verbose readDependencies loading dependencies from /usr/local/lib/package.json
6 silly cache add args [ 'app.json', null ]
7 verbose cache add spec app.json
8 silly cache add parsed spec { raw: 'app.json',
8 silly cache add   scope: null,
8 silly cache add   name: null,
8 silly cache add   rawSpec: 'app.json',
8 silly cache add   spec: '/Users/erikneff/Development/mentalapp/app.json',
8 silly cache add   type: 'local' }
9 silly addLocalTarball shasum (computed) ae30403b04a6beff11bc9942f6af6fb26ef8da01
10 verbose addTmpTarball /Users/erikneff/Development/mentalapp/app.json not in flight; adding
11 verbose addTmpTarball validating metadata from /Users/erikneff/Development/mentalapp/app.json
12 verbose tar unpack /Users/erikneff/Development/mentalapp/app.json
13 verbose tar unpacking to /var/folders/mm/zwyqnj1n46n3rrd2wvx482yc0000gn/T/npm-6589-92d84714/unpack-7cb82773d4ca
14 silly gentlyRm /var/folders/mm/zwyqnj1n46n3rrd2wvx482yc0000gn/T/npm-6589-92d84714/unpack-7cb82773d4ca is being purged
15 verbose gentlyRm don't care about contents; nuking /var/folders/mm/zwyqnj1n46n3rrd2wvx482yc0000gn/T/npm-6589-92d84714/unpack-7cb82773d4ca
16 silly gunzTarPerm modes [ '755', '644' ]
17 error not a package /Users/erikneff/Development/mentalapp/app.json
18 error addLocal Could not install /Users/erikneff/Development/mentalapp/app.json
19 verbose stack Error: ENOENT, open '/var/folders/mm/zwyqnj1n46n3rrd2wvx482yc0000gn/T/npm-6589-92d84714/unpack-7cb82773d4ca/package.json'
20 verbose cwd /Users/erikneff/Development/mentalapp
21 error Darwin 14.5.0
22 error argv "node" "/usr/local/bin/npm" "install" "app.json" "--global"
23 error node v0.10.33
24 error npm  v2.11.2
25 error path /var/folders/mm/zwyqnj1n46n3rrd2wvx482yc0000gn/T/npm-6589-92d84714/unpack-7cb82773d4ca/package.json
26 error code ENOENT
27 error errno 34
28 error enoent ENOENT, open '/var/folders/mm/zwyqnj1n46n3rrd2wvx482yc0000gn/T/npm-6589-92d84714/unpack-7cb82773d4ca/package.json'
28 error enoent This is most likely not a problem with npm itself
28 error enoent and is related to npm not being able to find a file.
29 verbose exit [ 34, true ]
